{
  "RSpec": {
    "coverage": {
      "/home/yaswanth.rajeev/final-project/olx/app/controllers/application_controller.rb": {
        "lines": [
          1,
          1,
          1,
          null,
          1,
          null,
          1,
          1,
          1,
          null,
          null,
          1,
          null,
          70,
          null,
          null,
          1,
          null,
          null
        ],
        "branches": {}
      },
      "/home/yaswanth.rajeev/final-project/olx/app/helpers/application_helper.rb": {
        "lines": [
          1,
          null
        ],
        "branches": {}
      },
      "/home/yaswanth.rajeev/final-project/olx/app/helpers/conversations_helper.rb": {
        "lines": [
          1,
          null
        ],
        "branches": {}
      },
      "/home/yaswanth.rajeev/final-project/olx/app/helpers/deals_helper.rb": {
        "lines": [
          1,
          null
        ],
        "branches": {}
      },
      "/home/yaswanth.rajeev/final-project/olx/app/helpers/items_helper.rb": {
        "lines": [
          1,
          null
        ],
        "branches": {}
      },
      "/home/yaswanth.rajeev/final-project/olx/app/helpers/likes_helper.rb": {
        "lines": [
          1,
          null
        ],
        "branches": {}
      },
      "/home/yaswanth.rajeev/final-project/olx/app/helpers/messages_helper.rb": {
        "lines": [
          1,
          null
        ],
        "branches": {}
      },
      "/home/yaswanth.rajeev/final-project/olx/app/helpers/reviews_helper.rb": {
        "lines": [
          1,
          null
        ],
        "branches": {}
      },
      "/home/yaswanth.rajeev/final-project/olx/app/helpers/seller_helper.rb": {
        "lines": [
          1,
          null
        ],
        "branches": {}
      },
      "/home/yaswanth.rajeev/final-project/olx/app/models/admin_user.rb": {
        "lines": [
          1,
          null,
          null,
          1,
          null,
          null
        ],
        "branches": {}
      },
      "/home/yaswanth.rajeev/final-project/olx/app/models/application_record.rb": {
        "lines": [
          1,
          1,
          null
        ],
        "branches": {}
      },
      "/home/yaswanth.rajeev/final-project/olx/app/admin/admin_users.rb": {
        "lines": [
          1,
          1,
          null,
          1,
          0,
          0,
          0,
          0,
          0,
          0,
          0,
          null,
          null,
          1,
          1,
          1,
          1,
          null,
          1,
          0,
          0,
          0,
          0,
          null,
          0,
          null,
          null,
          null
        ],
        "branches": {}
      },
      "/home/yaswanth.rajeev/final-project/olx/app/admin/buyers.rb": {
        "lines": [
          1,
          null,
          null,
          null,
          null,
          null,
          null,
          1,
          null,
          1,
          4,
          null,
          null,
          1,
          1,
          1,
          null,
          1,
          3,
          3,
          3,
          3,
          3,
          null,
          null,
          null,
          null,
          null,
          null,
          null,
          null,
          null,
          null,
          null
        ],
        "branches": {}
      },
      "/home/yaswanth.rajeev/final-project/olx/app/models/buyer.rb": {
        "lines": [
          1,
          1,
          1,
          1,
          1,
          1,
          null,
          null,
          1,
          1,
          null,
          1,
          null,
          null,
          null,
          null,
          1,
          1,
          88,
          null,
          null,
          1,
          1,
          null,
          null,
          null
        ],
        "branches": {}
      },
      "/home/yaswanth.rajeev/final-project/olx/app/admin/conversations.rb": {
        "lines": [
          1,
          null,
          null,
          null,
          null,
          null,
          null,
          1,
          1,
          1,
          null,
          null,
          null,
          0,
          null,
          1,
          1,
          1,
          0,
          0,
          0,
          0,
          0,
          null,
          0,
          0,
          null,
          0,
          0,
          null,
          null,
          null,
          null,
          null,
          null,
          null,
          null,
          null,
          null,
          null,
          null
        ],
        "branches": {
          "[:\"&.\", 0, 14, 47, 14, 64]": {
            "[:then, 1, 14, 47, 14, 64]": 0,
            "[:else, 2, 14, 47, 14, 64]": 0
          }
        }
      },
      "/home/yaswanth.rajeev/final-project/olx/app/models/conversation.rb": {
        "lines": [
          1,
          1,
          1,
          1,
          1,
          1,
          1,
          1,
          1,
          1,
          null,
          null,
          1,
          1,
          null,
          null,
          1,
          1,
          60,
          null,
          null
        ],
        "branches": {
          "[:if, 0, 19, 4, 19, 52]": {
            "[:then, 1, 19, 4, 19, 35]": 60,
            "[:else, 2, 19, 4, 19, 52]": 0
          }
        }
      },
      "/home/yaswanth.rajeev/final-project/olx/app/admin/dashboard.rb": {
        "lines": [
          null,
          1,
          14,
          null,
          1,
          0,
          0,
          0,
          0,
          null,
          null,
          null,
          null,
          null,
          null,
          null,
          null,
          null,
          null,
          null,
          null,
          null,
          null,
          null,
          null,
          null,
          null,
          null,
          null,
          null,
          null,
          null,
          null
        ],
        "branches": {}
      },
      "/home/yaswanth.rajeev/final-project/olx/app/admin/deals.rb": {
        "lines": [
          1,
          null,
          null,
          null,
          null,
          null,
          null,
          1,
          null,
          null,
          1,
          0,
          null,
          null,
          null,
          1,
          0,
          null,
          0,
          0,
          0,
          null,
          1,
          1,
          0,
          null,
          1,
          0,
          null,
          1,
          0,
          null,
          null,
          null,
          null,
          1,
          1,
          1,
          1,
          1,
          1,
          1,
          0,
          0,
          0,
          0,
          0,
          null,
          null,
          0,
          0,
          null,
          0,
          0,
          0,
          0,
          0,
          null,
          null,
          null,
          null,
          null,
          null,
          null,
          null,
          null,
          null,
          null
        ],
        "branches": {
          "[:\"&.\", 0, 51, 4, 51, 23]": {
            "[:then, 1, 51, 4, 51, 23]": 0,
            "[:else, 2, 51, 4, 51, 23]": 0
          }
        }
      },
      "/home/yaswanth.rajeev/final-project/olx/app/models/deal.rb": {
        "lines": [
          1,
          1,
          1,
          1,
          1,
          1,
          1,
          1,
          1,
          null,
          1,
          1,
          null,
          null,
          1,
          null,
          1,
          null,
          1,
          5,
          null,
          null,
          1,
          1,
          null,
          1,
          null,
          null,
          1,
          1,
          null,
          null,
          1,
          1,
          null,
          null
        ],
        "branches": {
          "[:if, 0, 12, 4, 12, 53]": {
            "[:then, 1, 12, 39, 12, 45]": 1,
            "[:else, 2, 12, 48, 12, 53]": 0
          }
        }
      },
      "/home/yaswanth.rajeev/final-project/olx/app/admin/items.rb": {
        "lines": [
          1,
          1,
          null,
          null,
          1,
          1,
          null,
          1,
          null,
          null,
          1,
          12,
          null,
          1,
          1,
          1,
          1,
          null,
          1,
          1,
          null,
          null,
          1,
          null,
          null,
          1,
          1,
          1,
          5,
          25,
          null,
          null,
          null,
          1,
          1,
          1,
          1,
          1,
          1,
          1,
          5,
          null,
          null,
          1,
          4,
          4,
          4,
          4,
          4,
          4,
          null,
          4,
          4,
          null,
          4,
          4,
          4,
          null,
          null,
          1,
          1,
          1,
          3,
          1,
          1,
          1,
          1,
          null,
          null,
          1,
          1,
          1,
          1,
          1,
          1,
          null,
          null,
          1,
          1,
          null,
          1,
          null,
          null
        ],
        "branches": {
          "[:unless, 0, 20, 4, 20, 73]": {
            "[:else, 1, 20, 4, 20, 73]": 0,
            "[:then, 2, 20, 4, 20, 31]": 1
          }
        }
      },
      "/home/yaswanth.rajeev/final-project/olx/app/models/item.rb": {
        "lines": [
          1,
          1,
          1,
          1,
          1,
          1,
          1,
          1,
          1,
          1,
          1,
          1,
          1,
          null,
          1,
          5,
          5,
          4,
          null,
          null,
          5,
          null,
          1,
          3,
          3,
          3,
          null,
          null,
          1,
          null,
          1,
          158,
          null,
          null,
          1,
          247,
          null,
          null,
          1,
          182,
          null,
          null,
          null,
          null
        ],
        "branches": {
          "[:if, 0, 17, 6, 19, 9]": {
            "[:then, 1, 18, 8, 18, 74]": 4,
            "[:else, 2, 17, 6, 19, 9]": 1
          },
          "[:if, 3, 24, 6, 27, 9]": {
            "[:then, 4, 25, 8, 26, 76]": 3,
            "[:else, 5, 24, 6, 27, 9]": 0
          }
        }
      },
      "/home/yaswanth.rajeev/final-project/olx/app/models/category.rb": {
        "lines": [
          1,
          1,
          1,
          null,
          1,
          35,
          null,
          1,
          1,
          null,
          null
        ],
        "branches": {}
      },
      "/home/yaswanth.rajeev/final-project/olx/app/admin/messages.rb": {
        "lines": [
          1,
          null,
          null,
          null,
          null,
          null,
          null,
          1,
          null,
          1,
          0,
          null,
          null,
          1,
          1,
          0,
          0,
          0,
          0,
          0,
          0,
          null,
          null,
          null,
          null,
          null,
          null,
          null,
          null,
          null,
          null,
          null,
          null
        ],
        "branches": {}
      },
      "/home/yaswanth.rajeev/final-project/olx/app/models/message.rb": {
        "lines": [
          1,
          1,
          1,
          1,
          null,
          1,
          8,
          null,
          null,
          null,
          1,
          1,
          null,
          null,
          1,
          1,
          null,
          null,
          null
        ],
        "branches": {}
      },
      "/home/yaswanth.rajeev/final-project/olx/app/admin/reviews.rb": {
        "lines": [
          1,
          null,
          null,
          null,
          null,
          null,
          null,
          1,
          null,
          1,
          4,
          null,
          1,
          1,
          1,
          null,
          1,
          4,
          null,
          1,
          1,
          null,
          1,
          3,
          3,
          3,
          3,
          3,
          3,
          null,
          3,
          3,
          null,
          3,
          3,
          3,
          null,
          null,
          null,
          1,
          1,
          1,
          10,
          12,
          2,
          1,
          1,
          null,
          1,
          null,
          null,
          null,
          null,
          null,
          null,
          null,
          null,
          null,
          null,
          null,
          null
        ],
        "branches": {}
      },
      "/home/yaswanth.rajeev/final-project/olx/app/models/review.rb": {
        "lines": [
          1,
          1,
          1,
          1,
          1,
          1,
          null,
          null,
          null,
          1,
          null,
          1,
          70,
          null,
          null,
          1,
          1,
          null,
          1,
          null,
          1,
          25,
          25,
          null,
          null,
          null
        ],
        "branches": {}
      },
      "/home/yaswanth.rajeev/final-project/olx/app/admin/sellers.rb": {
        "lines": [
          1,
          null,
          null,
          null,
          null,
          null,
          null,
          1,
          null,
          1,
          1,
          null,
          1,
          0,
          0,
          0,
          0,
          0,
          null,
          null,
          null,
          null,
          null,
          null,
          null,
          null,
          null,
          null,
          null,
          null,
          null
        ],
        "branches": {}
      },
      "/home/yaswanth.rajeev/final-project/olx/app/models/seller.rb": {
        "lines": [
          1,
          1,
          1,
          1,
          1,
          1,
          1,
          null,
          null,
          null,
          null,
          1,
          null,
          1,
          39,
          null,
          null,
          1,
          15,
          null,
          null,
          null
        ],
        "branches": {}
      },
      "/home/yaswanth.rajeev/final-project/olx/app/admin/users.rb": {
        "lines": [
          1,
          null,
          null,
          null,
          null,
          null,
          null,
          1,
          null,
          1,
          0,
          null,
          0,
          0,
          0,
          0,
          null,
          null,
          0,
          0,
          0,
          null,
          null,
          0,
          null,
          null,
          null,
          1,
          1,
          0,
          0,
          0,
          null,
          0,
          null,
          null,
          null,
          null,
          1,
          1,
          null,
          null,
          1,
          0,
          0,
          0,
          0,
          0,
          0,
          null,
          null,
          null,
          null,
          null,
          null,
          null,
          null,
          null,
          null
        ],
        "branches": {
          "[:if, 0, 30, 6, 33, 9]": {
            "[:then, 1, 31, 8, 32, 52]": 0,
            "[:else, 2, 30, 6, 33, 9]": 0
          }
        }
      },
      "/home/yaswanth.rajeev/final-project/olx/app/models/user.rb": {
        "lines": [
          1,
          1,
          null,
          1,
          1,
          1,
          1,
          1,
          1,
          1,
          1,
          8,
          null,
          null,
          9,
          null,
          null,
          1,
          1,
          1,
          1,
          null,
          1,
          null,
          null,
          null,
          1,
          null,
          1,
          null,
          1,
          420,
          420,
          null,
          null,
          1,
          21,
          null,
          null,
          1,
          1,
          null,
          null,
          null
        ],
        "branches": {}
      },
      "/home/yaswanth.rajeev/final-project/olx/app/controllers/buyers_controller.rb": {
        "lines": [
          1,
          1,
          null,
          1,
          6,
          6,
          6,
          null,
          6,
          3,
          null,
          3,
          3,
          null,
          null,
          null,
          1,
          null,
          1,
          6,
          6,
          null,
          null,
          1,
          3,
          2,
          null,
          1,
          null,
          null,
          3,
          2,
          null,
          1,
          null,
          null,
          null,
          null,
          null
        ],
        "branches": {
          "[:\"&.\", 0, 5, 15, 5, 36]": {
            "[:then, 1, 5, 15, 5, 36]": 5,
            "[:else, 2, 5, 15, 5, 36]": 1
          },
          "[:\"&.\", 3, 5, 15, 5, 57]": {
            "[:then, 4, 5, 15, 5, 57]": 5,
            "[:else, 5, 5, 15, 5, 57]": 1
          },
          "[:if, 6, 6, 22, 6, 83]": {
            "[:then, 7, 6, 38, 6, 77]": 1,
            "[:else, 8, 6, 80, 6, 83]": 5
          },
          "[:\"&.\", 9, 7, 23, 7, 42]": {
            "[:then, 10, 7, 23, 7, 42]": 5,
            "[:else, 11, 7, 23, 7, 42]": 1
          },
          "[:\"&.\", 12, 7, 23, 7, 76]": {
            "[:then, 13, 7, 23, 7, 76]": 5,
            "[:else, 14, 7, 23, 7, 76]": 1
          },
          "[:if, 15, 9, 4, 14, 7]": {
            "[:then, 16, 10, 8, 10, 34]": 3,
            "[:else, 17, 12, 6, 13, 24]": 3
          },
          "[:if, 18, 25, 4, 29, 7]": {
            "[:then, 19, 26, 6, 26, 59]": 2,
            "[:else, 20, 28, 6, 28, 22]": 1
          },
          "[:if, 21, 31, 4, 35, 7]": {
            "[:then, 22, 32, 6, 32, 40]": 2,
            "[:else, 23, 34, 6, 34, 24]": 1
          }
        }
      },
      "/home/yaswanth.rajeev/final-project/olx/app/controllers/conversations_controller.rb": {
        "lines": [
          1,
          null,
          1,
          1,
          1,
          1,
          1,
          1,
          null,
          null,
          1,
          null,
          null,
          1,
          1,
          null,
          null,
          null,
          1,
          2,
          null,
          null,
          null,
          null,
          2,
          1,
          1,
          1,
          null,
          null,
          1,
          null,
          null,
          null
        ],
        "branches": {
          "[:\"&.\", 0, 15, 72, 15, 94]": {
            "[:then, 1, 15, 72, 15, 94]": 1,
            "[:else, 2, 15, 72, 15, 94]": 0
          },
          "[:\"&.\", 3, 15, 95, 15, 118]": {
            "[:then, 4, 15, 95, 15, 118]": 1,
            "[:else, 5, 15, 95, 15, 118]": 0
          },
          "[:\"&.\", 6, 22, 4, 22, 26]": {
            "[:then, 7, 22, 4, 22, 26]": 2,
            "[:else, 8, 22, 4, 22, 26]": 0
          },
          "[:\"&.\", 9, 23, 4, 23, 27]": {
            "[:then, 10, 23, 4, 23, 27]": 2,
            "[:else, 11, 23, 4, 23, 27]": 0
          }
        }
      },
      "/home/yaswanth.rajeev/final-project/olx/app/controllers/deals_controller.rb": {
        "lines": [
          1,
          1,
          1,
          1,
          null,
          1,
          1,
          1,
          null,
          null,
          1,
          1,
          null,
          null,
          null,
          null,
          1,
          1,
          1,
          null,
          1,
          null,
          1,
          2,
          2,
          2,
          2,
          2,
          2,
          null,
          2,
          1,
          null,
          1,
          null,
          2,
          1,
          null,
          1,
          null,
          null,
          null,
          null,
          1,
          3,
          null,
          3,
          3,
          3,
          null,
          3,
          1,
          1,
          2,
          1,
          1,
          null,
          1,
          null,
          null,
          3,
          null,
          1,
          1,
          2,
          null,
          null,
          null
        ],
        "branches": {
          "[:\"&.\", 0, 6, 11, 6, 29]": {
            "[:then, 1, 6, 11, 6, 29]": 1,
            "[:else, 2, 6, 11, 6, 29]": 0
          },
          "[:\"&.\", 3, 7, 11, 7, 30]": {
            "[:then, 4, 7, 11, 7, 30]": 1,
            "[:else, 5, 7, 11, 7, 30]": 0
          },
          "[:if, 6, 31, 8, 35, 11]": {
            "[:then, 7, 32, 12, 32, 42]": 1,
            "[:else, 8, 34, 12, 34, 43]": 1
          },
          "[:if, 9, 36, 8, 40, 11]": {
            "[:then, 10, 37, 12, 37, 72]": 1,
            "[:else, 11, 39, 12, 39, 59]": 1
          },
          "[:\"&.\", 12, 51, 5, 51, 28]": {
            "[:then, 13, 51, 5, 51, 28]": 3,
            "[:else, 14, 51, 5, 51, 28]": 0
          },
          "[:if, 15, 51, 2, 59, 5]": {
            "[:then, 16, 52, 4, 53, 40]": 1,
            "[:else, 17, 54, 2, 58, 66]": 2
          },
          "[:\"&.\", 18, 54, 8, 54, 30]": {
            "[:then, 19, 54, 8, 54, 30]": 2,
            "[:else, 20, 54, 8, 54, 30]": 0
          },
          "[:if, 21, 54, 2, 58, 66]": {
            "[:then, 22, 55, 4, 56, 39]": 1,
            "[:else, 23, 58, 4, 58, 66]": 1
          }
        }
      },
      "/home/yaswanth.rajeev/final-project/olx/app/controllers/items_controller.rb": {
        "lines": [
          1,
          1,
          null,
          null,
          1,
          2,
          2,
          1,
          null,
          2,
          null,
          null,
          null,
          null,
          1,
          1,
          1,
          null,
          null,
          null,
          1,
          1,
          null,
          null,
          null,
          1,
          4,
          4,
          null,
          4,
          3,
          null,
          1,
          1,
          null,
          null,
          null,
          null,
          1,
          2,
          2,
          2,
          1,
          null,
          1,
          null,
          null,
          null,
          null,
          1,
          1,
          1,
          1,
          null,
          null,
          null,
          1,
          2,
          2,
          2,
          1,
          null,
          1,
          1,
          null,
          null,
          null,
          null,
          null,
          1,
          1,
          6,
          null,
          1,
          3,
          3,
          1,
          null,
          null,
          null,
          null,
          null
        ],
        "branches": {
          "[:if, 0, 7, 4, 9, 7]": {
            "[:then, 1, 8, 8, 8, 83]": 1,
            "[:else, 2, 7, 4, 9, 7]": 1
          },
          "[:if, 3, 30, 8, 35, 11]": {
            "[:then, 4, 31, 12, 31, 66]": 3,
            "[:else, 5, 33, 12, 34, 23]": 1
          },
          "[:if, 6, 42, 8, 46, 11]": {
            "[:then, 7, 43, 12, 43, 76]": 1,
            "[:else, 8, 45, 12, 45, 67]": 1
          },
          "[:if, 9, 60, 8, 65, 11]": {
            "[:then, 10, 61, 12, 61, 40]": 1,
            "[:else, 11, 63, 12, 64, 55]": 1
          },
          "[:unless, 12, 76, 12, 78, 15]": {
            "[:else, 13, 76, 12, 78, 15]": 2,
            "[:then, 14, 77, 17, 77, 93]": 1
          }
        }
      },
      "/home/yaswanth.rajeev/final-project/olx/app/controllers/likes_controller.rb": {
        "lines": [
          1,
          1,
          1,
          null,
          3,
          null,
          3,
          3,
          1,
          2,
          1,
          null,
          null,
          1,
          null,
          null,
          1,
          3,
          3,
          3,
          1,
          2,
          1,
          null,
          1,
          null,
          null,
          1,
          1,
          null,
          1,
          1,
          1,
          null,
          null,
          1,
          1,
          null,
          1,
          null,
          null,
          1,
          1,
          8,
          null,
          null
        ],
        "branches": {
          "[:if, 0, 8, 12, 15, 15]": {
            "[:then, 1, 9, 16, 9, 58]": 1,
            "[:else, 2, 10, 12, 14, 76]": 2
          },
          "[:if, 3, 10, 12, 14, 76]": {
            "[:then, 4, 11, 16, 11, 76]": 1,
            "[:else, 5, 14, 16, 14, 76]": 1
          },
          "[:if, 6, 20, 10, 26, 13]": {
            "[:then, 7, 21, 12, 21, 54]": 1,
            "[:else, 8, 22, 10, 25, 54]": 2
          },
          "[:if, 9, 22, 10, 25, 54]": {
            "[:then, 10, 23, 12, 23, 54]": 1,
            "[:else, 11, 25, 12, 25, 54]": 1
          },
          "[:if, 12, 32, 12, 34, 15]": {
            "[:then, 13, 33, 12, 33, 74]": 1,
            "[:else, 14, 32, 12, 34, 15]": 0
          }
        }
      },
      "/home/yaswanth.rajeev/final-project/olx/app/controllers/messages_controller.rb": {
        "lines": [
          1,
          null,
          1,
          2,
          2,
          null,
          2,
          null,
          2,
          2,
          2,
          4,
          null,
          null,
          null,
          null,
          null,
          1,
          2,
          null,
          null,
          null,
          null,
          null,
          null
        ],
        "branches": {
          "[:if, 0, 9, 8, 14, 11]": {
            "[:then, 1, 10, 12, 13, 15]": 2,
            "[:else, 2, 9, 8, 14, 11]": 0
          }
        }
      },
      "/home/yaswanth.rajeev/final-project/olx/app/controllers/reviews_controller.rb": {
        "lines": [
          1,
          1,
          2,
          2,
          null,
          null,
          2,
          2,
          2,
          null,
          2,
          1,
          null,
          1,
          null,
          null,
          1,
          2,
          null,
          2,
          1,
          1,
          null,
          1,
          null,
          null,
          1,
          null,
          null,
          1,
          2,
          null,
          null,
          null
        ],
        "branches": {
          "[:if, 0, 11, 8, 15, 11]": {
            "[:then, 1, 12, 12, 12, 45]": 1,
            "[:else, 2, 14, 12, 14, 70]": 1
          },
          "[:if, 3, 20, 4, 25, 7]": {
            "[:then, 4, 21, 8, 22, 77]": 1,
            "[:else, 5, 24, 8, 24, 76]": 1
          }
        }
      },
      "/home/yaswanth.rajeev/final-project/olx/app/controllers/sellers_controller.rb": {
        "lines": [
          1,
          1,
          null,
          1,
          5,
          5,
          null,
          5,
          null,
          5,
          4,
          null,
          1,
          1,
          null,
          null,
          null,
          1,
          null,
          1,
          5,
          5,
          null,
          null,
          1,
          4,
          4,
          3,
          null,
          1,
          null,
          null,
          null,
          null
        ],
        "branches": {
          "[:if, 0, 10, 4, 15, 7]": {
            "[:then, 1, 11, 6, 11, 32]": 4,
            "[:else, 2, 13, 4, 14, 22]": 1
          },
          "[:if, 3, 27, 2, 31, 5]": {
            "[:then, 4, 28, 4, 28, 38]": 3,
            "[:else, 5, 30, 4, 30, 22]": 1
          }
        }
      },
      "/home/yaswanth.rajeev/final-project/olx/app/models/like.rb": {
        "lines": [
          1,
          1,
          1,
          1,
          null,
          null,
          null
        ],
        "branches": {}
      },
      "/home/yaswanth.rajeev/final-project/olx/app/controllers/api/v1/base_controller.rb": {
        "lines": [
          1,
          1,
          1,
          1,
          1,
          null,
          null,
          null,
          1,
          null,
          null,
          null,
          null,
          1,
          45,
          null,
          45,
          1,
          null,
          33,
          null,
          null,
          null,
          null,
          1,
          1,
          null,
          null,
          null,
          null,
          null,
          null,
          null,
          null
        ],
        "branches": {
          "[:unless, 0, 15, 10, 15, 44]": {
            "[:else, 1, 15, 10, 15, 44]": 45,
            "[:then, 2, 15, 10, 15, 20]": 0
          },
          "[:if, 3, 17, 28, 22, 13]": {
            "[:then, 4, 18, 12, 18, 108]": 1,
            "[:else, 5, 20, 12, 21, 69]": 33
          }
        }
      },
      "/home/yaswanth.rajeev/final-project/olx/app/controllers/api/v1/conversations_controller.rb": {
        "lines": [
          1,
          1,
          1,
          1,
          null,
          1,
          1,
          1,
          null,
          null,
          null,
          1,
          1,
          1,
          null,
          null,
          null,
          null
        ],
        "branches": {
          "[:\"&.\", 0, 9, 54, 9, 68]": {
            "[:then, 1, 9, 54, 9, 68]": 1,
            "[:else, 2, 9, 54, 9, 68]": 0
          },
          "[:\"&.\", 3, 10, 71, 10, 86]": {
            "[:then, 4, 10, 71, 10, 86]": 1,
            "[:else, 5, 10, 71, 10, 86]": 0
          }
        }
      },
      "/home/yaswanth.rajeev/final-project/olx/app/controllers/api/v1/deals_controller.rb": {
        "lines": [
          1,
          1,
          1,
          1,
          1,
          null,
          null,
          1,
          1,
          null,
          null,
          1,
          3,
          3,
          3,
          3,
          1,
          1,
          2,
          1,
          1,
          null,
          1,
          null,
          null,
          null,
          1,
          2,
          2,
          0,
          null,
          2,
          1,
          null,
          1,
          null,
          null,
          null,
          null,
          1,
          2,
          null,
          null,
          null,
          null
        ],
        "branches": {
          "[:\"&.\", 0, 15, 49, 15, 74]": {
            "[:then, 1, 15, 49, 15, 74]": 3,
            "[:else, 2, 15, 49, 15, 74]": 0
          },
          "[:\"&.\", 3, 16, 19, 16, 44]": {
            "[:then, 4, 16, 19, 16, 44]": 3,
            "[:else, 5, 16, 19, 16, 44]": 0
          },
          "[:if, 6, 16, 16, 24, 19]": {
            "[:then, 7, 17, 20, 18, 75]": 1,
            "[:else, 8, 19, 16, 23, 86]": 2
          },
          "[:\"&.\", 9, 19, 22, 19, 46]": {
            "[:then, 10, 19, 22, 19, 46]": 2,
            "[:else, 11, 19, 22, 19, 46]": 0
          },
          "[:if, 12, 19, 16, 23, 86]": {
            "[:then, 13, 20, 20, 21, 74]": 1,
            "[:else, 14, 23, 19, 23, 86]": 1
          },
          "[:\"&.\", 15, 29, 23, 29, 48]": {
            "[:then, 16, 29, 23, 29, 48]": 2,
            "[:else, 17, 29, 23, 29, 48]": 0
          },
          "[:\"&.\", 18, 29, 71, 29, 95]": {
            "[:then, 19, 29, 71, 29, 95]": 0,
            "[:else, 20, 29, 71, 29, 95]": 0
          },
          "[:unless, 21, 29, 16, 31, 19]": {
            "[:else, 22, 29, 16, 31, 19]": 2,
            "[:then, 23, 30, 20, 30, 87]": 0
          },
          "[:if, 24, 32, 16, 36, 19]": {
            "[:then, 25, 33, 20, 33, 91]": 1,
            "[:else, 26, 35, 20, 35, 114]": 1
          }
        }
      },
      "/home/yaswanth.rajeev/final-project/olx/app/controllers/api/v1/items_controller.rb": {
        "lines": [
          1,
          1,
          1,
          1,
          1,
          null,
          null,
          null,
          1,
          1,
          null,
          null,
          1,
          3,
          3,
          2,
          1,
          null,
          1,
          null,
          null,
          1,
          null,
          null,
          1,
          1,
          1,
          1,
          1,
          null,
          0,
          null,
          null,
          1,
          2,
          2,
          1,
          1,
          null,
          1,
          null,
          null,
          null,
          1,
          1,
          null,
          null,
          1,
          null,
          null,
          1,
          1,
          null,
          1,
          null,
          1,
          1,
          3,
          null,
          null,
          null,
          null
        ],
        "branches": {
          "[:\"&.\", 0, 15, 32, 15, 55]": {
            "[:then, 1, 15, 32, 15, 55]": 3,
            "[:else, 2, 15, 32, 15, 55]": 0
          },
          "[:if, 3, 15, 10, 23, 13]": {
            "[:then, 4, 16, 14, 20, 17]": 2,
            "[:else, 5, 22, 14, 22, 72]": 1
          },
          "[:if, 6, 16, 14, 20, 17]": {
            "[:then, 7, 17, 16, 17, 41]": 1,
            "[:else, 8, 19, 15, 19, 97]": 1
          },
          "[:\"&.\", 9, 27, 26, 27, 49]": {
            "[:then, 10, 27, 26, 27, 49]": 1,
            "[:else, 11, 27, 26, 27, 49]": 0
          },
          "[:if, 12, 28, 10, 32, 13]": {
            "[:then, 13, 29, 12, 29, 42]": 1,
            "[:else, 14, 31, 12, 31, 92]": 0
          },
          "[:\"&.\", 15, 36, 31, 36, 54]": {
            "[:then, 16, 36, 31, 36, 54]": 2,
            "[:else, 17, 36, 31, 36, 54]": 0
          },
          "[:if, 18, 36, 8, 41, 11]": {
            "[:then, 19, 37, 10, 38, 74]": 1,
            "[:else, 20, 40, 10, 40, 88]": 1
          }
        }
      },
      "/home/yaswanth.rajeev/final-project/olx/app/controllers/api/v1/likes_controller.rb": {
        "lines": [
          1,
          1,
          1,
          1,
          1,
          1,
          null,
          null,
          1,
          3,
          2,
          2,
          1,
          null,
          1,
          null,
          null,
          null,
          1,
          3,
          null,
          null,
          null,
          null,
          null
        ],
        "branches": {
          "[:if, 0, 12, 16, 16, 19]": {
            "[:then, 1, 13, 20, 13, 96]": 1,
            "[:else, 2, 15, 20, 15, 100]": 1
          }
        }
      },
      "/home/yaswanth.rajeev/final-project/olx/app/controllers/api/v1/messages_controller.rb": {
        "lines": [
          1,
          1,
          1,
          1,
          1,
          null,
          1,
          1,
          null,
          1,
          1,
          null,
          1,
          2,
          2,
          null,
          2,
          1,
          null,
          1,
          null,
          null,
          null,
          1,
          null,
          1,
          4,
          null,
          null,
          null,
          null,
          null,
          null,
          null,
          1,
          2,
          null,
          null,
          null,
          null
        ],
        "branches": {
          "[:if, 0, 17, 8, 21, 11]": {
            "[:then, 1, 18, 10, 18, 40]": 1,
            "[:else, 2, 20, 10, 20, 108]": 1
          },
          "[:\"&.\", 3, 28, 33, 28, 55]": {
            "[:then, 4, 28, 33, 28, 55]": 4,
            "[:else, 5, 28, 33, 28, 55]": 0
          },
          "[:\"&.\", 6, 29, 50, 29, 73]": {
            "[:then, 7, 29, 50, 29, 73]": 4,
            "[:else, 8, 29, 50, 29, 73]": 0
          }
        }
      },
      "/home/yaswanth.rajeev/final-project/olx/app/controllers/api/v1/reviews_controller.rb": {
        "lines": [
          1,
          1,
          1,
          null,
          1,
          null,
          null,
          1,
          1,
          null,
          null,
          null,
          1,
          1,
          null,
          null,
          1,
          2,
          2,
          1,
          1,
          null,
          1,
          null,
          null,
          null,
          1,
          2,
          2,
          null,
          2,
          1,
          null,
          1,
          null,
          null,
          null,
          null,
          1,
          null,
          1,
          2,
          null,
          null,
          null,
          null,
          null,
          null,
          null
        ],
        "branches": {
          "[:if, 0, 19, 16, 24, 19]": {
            "[:then, 1, 20, 20, 21, 72]": 1,
            "[:else, 2, 23, 20, 23, 81]": 1
          },
          "[:if, 3, 31, 12, 35, 15]": {
            "[:then, 4, 32, 12, 32, 85]": 1,
            "[:else, 5, 34, 12, 34, 96]": 1
          }
        }
      },
      "/home/yaswanth.rajeev/final-project/olx/app/controllers/api/v1/sellers_controller.rb": {
        "lines": [
          1,
          1,
          1,
          1,
          1,
          null,
          1,
          1,
          null,
          1,
          3,
          3,
          2,
          1,
          null,
          1,
          null,
          null,
          1,
          null,
          null,
          null,
          1,
          null,
          1,
          2,
          null,
          null,
          null,
          null
        ],
        "branches": {
          "[:if, 0, 12, 20, 20, 23]": {
            "[:then, 1, 13, 24, 17, 27]": 2,
            "[:else, 2, 19, 24, 19, 104]": 1
          },
          "[:if, 3, 13, 24, 17, 27]": {
            "[:then, 4, 14, 24, 14, 99]": 1,
            "[:else, 5, 16, 24, 16, 108]": 1
          }
        }
      },
      "/home/yaswanth.rajeev/final-project/olx/app/controllers/api/v1/users_controller.rb": {
        "lines": [
          1,
          1,
          1,
          1,
          1,
          1,
          null,
          null,
          1,
          1,
          null,
          null,
          1,
          2,
          2,
          1,
          null,
          1,
          null,
          null,
          1,
          3,
          3,
          2,
          1,
          null,
          1,
          null,
          null,
          1,
          null,
          null,
          null,
          1,
          3,
          null,
          3,
          2,
          1,
          null,
          1,
          null,
          null,
          1,
          null,
          null,
          null,
          1,
          null,
          1,
          2,
          null,
          1,
          2,
          null,
          null,
          null,
          null,
          null,
          null,
          null,
          null,
          null,
          null,
          null,
          null,
          null,
          null
        ],
        "branches": {
          "[:if, 0, 15, 8, 19, 11]": {
            "[:then, 1, 16, 10, 16, 93]": 1,
            "[:else, 2, 18, 10, 18, 92]": 1
          },
          "[:if, 3, 23, 8, 31, 11]": {
            "[:then, 4, 24, 10, 28, 13]": 2,
            "[:else, 5, 30, 10, 30, 66]": 1
          },
          "[:if, 6, 24, 10, 28, 13]": {
            "[:then, 7, 25, 12, 25, 37]": 1,
            "[:else, 8, 27, 12, 27, 93]": 1
          },
          "[:if, 9, 37, 6, 45, 9]": {
            "[:then, 10, 38, 8, 42, 11]": 2,
            "[:else, 11, 44, 8, 44, 114]": 1
          },
          "[:if, 12, 38, 8, 42, 11]": {
            "[:then, 13, 39, 10, 39, 76]": 1,
            "[:else, 14, 41, 10, 41, 102]": 1
          }
        }
      },
      "/home/yaswanth.rajeev/final-project/olx/app/channels/application_cable/channel.rb": {
        "lines": [
          0,
          0,
          0,
          0
        ],
        "branches": {}
      },
      "/home/yaswanth.rajeev/final-project/olx/app/channels/application_cable/connection.rb": {
        "lines": [
          0,
          0,
          0,
          0
        ],
        "branches": {}
      },
      "/home/yaswanth.rajeev/final-project/olx/app/jobs/application_job.rb": {
        "lines": [
          0,
          null,
          null,
          null,
          null,
          null,
          0
        ],
        "branches": {}
      },
      "/home/yaswanth.rajeev/final-project/olx/app/mailers/application_mailer.rb": {
        "lines": [
          0,
          0,
          0,
          0
        ],
        "branches": {}
      }
    },
    "timestamp": 1768913713
  }
}
