{
  "RSpec": {
    "coverage": {
      "/home/yaswanth.rajeev/final-project/olx/app/controllers/application_controller.rb": {
        "lines": [
          1,
          1,
          1,
          null,
          1,
          null,
          1,
          1,
          1,
          null,
          null,
          1,
          71,
          null,
          null,
          1,
          null,
          null
        ],
        "branches": {}
      },
      "/home/yaswanth.rajeev/final-project/olx/app/helpers/application_helper.rb": {
        "lines": [
          1,
          1,
          1,
          null,
          0,
          null,
          null,
          null,
          null,
          null,
          null,
          null,
          null
        ],
        "branches": {}
      },
      "/home/yaswanth.rajeev/final-project/olx/app/helpers/conversations_helper.rb": {
        "lines": [
          1,
          null
        ],
        "branches": {}
      },
      "/home/yaswanth.rajeev/final-project/olx/app/helpers/deals_helper.rb": {
        "lines": [
          1,
          null
        ],
        "branches": {}
      },
      "/home/yaswanth.rajeev/final-project/olx/app/helpers/items_helper.rb": {
        "lines": [
          1,
          null
        ],
        "branches": {}
      },
      "/home/yaswanth.rajeev/final-project/olx/app/helpers/likes_helper.rb": {
        "lines": [
          1,
          null
        ],
        "branches": {}
      },
      "/home/yaswanth.rajeev/final-project/olx/app/helpers/messages_helper.rb": {
        "lines": [
          1,
          null
        ],
        "branches": {}
      },
      "/home/yaswanth.rajeev/final-project/olx/app/helpers/reviews_helper.rb": {
        "lines": [
          1,
          null
        ],
        "branches": {}
      },
      "/home/yaswanth.rajeev/final-project/olx/app/helpers/seller_helper.rb": {
        "lines": [
          1,
          null
        ],
        "branches": {}
      },
      "/home/yaswanth.rajeev/final-project/olx/app/models/admin_user.rb": {
        "lines": [
          1,
          null,
          null,
          1,
          null,
          null
        ],
        "branches": {}
      },
      "/home/yaswanth.rajeev/final-project/olx/app/models/application_record.rb": {
        "lines": [
          1,
          1,
          null
        ],
        "branches": {}
      },
      "/home/yaswanth.rajeev/final-project/olx/app/admin/admin_users.rb": {
        "lines": [
          1,
          1,
          null,
          1,
          0,
          0,
          0,
          0,
          0,
          0,
          0,
          null,
          null,
          1,
          1,
          1,
          1,
          null,
          1,
          0,
          0,
          0,
          0,
          null,
          0,
          null,
          null,
          null
        ],
        "branches": {}
      },
      "/home/yaswanth.rajeev/final-project/olx/app/admin/buyers.rb": {
        "lines": [
          1,
          null,
          null,
          null,
          null,
          null,
          null,
          1,
          null,
          1,
          4,
          null,
          null,
          1,
          1,
          1,
          null,
          1,
          3,
          3,
          3,
          3,
          3,
          null,
          null,
          null,
          null,
          null,
          null,
          null,
          null,
          null,
          null,
          null
        ],
        "branches": {}
      },
      "/home/yaswanth.rajeev/final-project/olx/app/models/buyer.rb": {
        "lines": [
          1,
          1,
          1,
          1,
          1,
          1,
          null,
          null,
          1,
          1,
          null,
          1,
          null,
          null,
          null,
          null,
          1,
          1,
          88,
          null,
          null,
          1,
          1,
          null,
          null,
          null
        ],
        "branches": {}
      },
      "/home/yaswanth.rajeev/final-project/olx/app/admin/conversations.rb": {
        "lines": [
          1,
          null,
          null,
          null,
          null,
          null,
          null,
          1,
          1,
          1,
          null,
          null,
          null,
          0,
          null,
          1,
          1,
          1,
          0,
          0,
          0,
          0,
          0,
          null,
          0,
          0,
          null,
          0,
          0,
          null,
          null,
          null,
          null,
          null,
          null,
          null,
          null,
          null,
          null,
          null,
          null
        ],
        "branches": {
          "[:\"&.\", 0, 14, 47, 14, 64]": {
            "[:then, 1, 14, 47, 14, 64]": 0,
            "[:else, 2, 14, 47, 14, 64]": 0
          }
        }
      },
      "/home/yaswanth.rajeev/final-project/olx/app/models/conversation.rb": {
        "lines": [
          1,
          1,
          1,
          1,
          1,
          1,
          1,
          1,
          1,
          1,
          null,
          null,
          1,
          1,
          null,
          null,
          1,
          1,
          74,
          null,
          null
        ],
        "branches": {
          "[:if, 0, 19, 4, 19, 52]": {
            "[:then, 1, 19, 4, 19, 35]": 74,
            "[:else, 2, 19, 4, 19, 52]": 0
          }
        }
      },
      "/home/yaswanth.rajeev/final-project/olx/app/admin/dashboard.rb": {
        "lines": [
          null,
          1,
          14,
          null,
          1,
          0,
          0,
          0,
          0,
          null,
          null,
          null,
          null,
          null,
          null,
          null,
          null,
          null,
          null,
          null,
          null,
          null,
          null,
          null,
          null,
          null,
          null,
          null,
          null,
          null,
          null,
          null,
          null
        ],
        "branches": {}
      },
      "/home/yaswanth.rajeev/final-project/olx/app/admin/deals.rb": {
        "lines": [
          1,
          null,
          null,
          null,
          null,
          null,
          null,
          1,
          null,
          null,
          1,
          0,
          null,
          null,
          null,
          1,
          0,
          null,
          0,
          0,
          0,
          null,
          1,
          1,
          0,
          null,
          1,
          0,
          null,
          1,
          0,
          null,
          null,
          null,
          null,
          1,
          1,
          1,
          1,
          1,
          1,
          1,
          0,
          0,
          0,
          0,
          0,
          null,
          null,
          0,
          0,
          null,
          0,
          0,
          0,
          0,
          0,
          null,
          null,
          null,
          null,
          null,
          null,
          null,
          null,
          null,
          null,
          null
        ],
        "branches": {
          "[:\"&.\", 0, 51, 4, 51, 23]": {
            "[:then, 1, 51, 4, 51, 23]": 0,
            "[:else, 2, 51, 4, 51, 23]": 0
          }
        }
      },
      "/home/yaswanth.rajeev/final-project/olx/app/models/deal.rb": {
        "lines": [
          1,
          1,
          1,
          1,
          1,
          1,
          1,
          1,
          1,
          null,
          1,
          1,
          null,
          null,
          1,
          null,
          1,
          null,
          1,
          6,
          null,
          null,
          1,
          1,
          1,
          1,
          null,
          null,
          1,
          1,
          null,
          null,
          1,
          1,
          null,
          null
        ],
        "branches": {
          "[:if, 0, 12, 4, 12, 53]": {
            "[:then, 1, 12, 39, 12, 45]": 1,
            "[:else, 2, 12, 48, 12, 53]": 0
          }
        }
      },
      "/home/yaswanth.rajeev/final-project/olx/app/admin/items.rb": {
        "lines": [
          1,
          1,
          null,
          null,
          1,
          1,
          null,
          1,
          null,
          null,
          1,
          12,
          null,
          1,
          1,
          1,
          1,
          null,
          1,
          1,
          null,
          null,
          1,
          null,
          null,
          1,
          1,
          1,
          5,
          25,
          null,
          null,
          null,
          1,
          1,
          1,
          1,
          1,
          1,
          1,
          5,
          null,
          null,
          1,
          4,
          4,
          4,
          4,
          4,
          4,
          null,
          4,
          4,
          null,
          4,
          4,
          4,
          null,
          null,
          1,
          1,
          1,
          3,
          1,
          1,
          1,
          1,
          null,
          null,
          1,
          1,
          1,
          1,
          1,
          1,
          null,
          null,
          1,
          1,
          null,
          1,
          null,
          null
        ],
        "branches": {
          "[:unless, 0, 20, 4, 20, 73]": {
            "[:else, 1, 20, 4, 20, 73]": 0,
            "[:then, 2, 20, 4, 20, 31]": 1
          }
        }
      },
      "/home/yaswanth.rajeev/final-project/olx/app/models/item.rb": {
        "lines": [
          1,
          1,
          1,
          1,
          1,
          1,
          1,
          1,
          1,
          1,
          1,
          1,
          1,
          null,
          1,
          15,
          15,
          6,
          null,
          null,
          15,
          null,
          1,
          9,
          9,
          9,
          null,
          null,
          1,
          null,
          1,
          244,
          null,
          null,
          1,
          247,
          null,
          null,
          1,
          182,
          null,
          null,
          null,
          null
        ],
        "branches": {
          "[:if, 0, 17, 6, 19, 9]": {
            "[:then, 1, 18, 8, 18, 74]": 6,
            "[:else, 2, 17, 6, 19, 9]": 9
          },
          "[:if, 3, 24, 6, 27, 9]": {
            "[:then, 4, 25, 8, 26, 76]": 9,
            "[:else, 5, 24, 6, 27, 9]": 0
          }
        }
      },
      "/home/yaswanth.rajeev/final-project/olx/app/models/category.rb": {
        "lines": [
          1,
          1,
          1,
          null,
          1,
          35,
          null,
          1,
          1,
          null,
          null
        ],
        "branches": {}
      },
      "/home/yaswanth.rajeev/final-project/olx/app/admin/messages.rb": {
        "lines": [
          1,
          null,
          null,
          null,
          null,
          null,
          null,
          1,
          null,
          1,
          0,
          null,
          null,
          1,
          1,
          0,
          0,
          0,
          0,
          0,
          0,
          null,
          null,
          null,
          null,
          null,
          null,
          null,
          null,
          null,
          null,
          null,
          null
        ],
        "branches": {}
      },
      "/home/yaswanth.rajeev/final-project/olx/app/models/message.rb": {
        "lines": [
          1,
          1,
          1,
          1,
          null,
          1,
          11,
          null,
          null,
          null,
          1,
          1,
          null,
          null,
          1,
          1,
          null,
          null,
          null
        ],
        "branches": {}
      },
      "/home/yaswanth.rajeev/final-project/olx/app/admin/reviews.rb": {
        "lines": [
          1,
          null,
          null,
          null,
          null,
          null,
          null,
          1,
          null,
          1,
          4,
          null,
          1,
          1,
          1,
          null,
          1,
          4,
          null,
          1,
          1,
          null,
          1,
          3,
          3,
          3,
          3,
          3,
          3,
          null,
          3,
          3,
          null,
          3,
          3,
          3,
          null,
          null,
          null,
          1,
          1,
          1,
          10,
          12,
          2,
          1,
          1,
          null,
          1,
          null,
          null,
          null,
          null,
          null,
          null,
          null,
          null,
          null,
          null,
          null,
          null
        ],
        "branches": {}
      },
      "/home/yaswanth.rajeev/final-project/olx/app/models/review.rb": {
        "lines": [
          1,
          1,
          1,
          1,
          1,
          1,
          1,
          null,
          null,
          null,
          1,
          null,
          1,
          70,
          null,
          null,
          1,
          1,
          null,
          1,
          null,
          1,
          31,
          31,
          null,
          null,
          null
        ],
        "branches": {}
      },
      "/home/yaswanth.rajeev/final-project/olx/app/admin/sellers.rb": {
        "lines": [
          1,
          null,
          null,
          null,
          null,
          null,
          null,
          1,
          null,
          1,
          1,
          null,
          1,
          0,
          0,
          0,
          0,
          0,
          null,
          null,
          null,
          null,
          null,
          null,
          null,
          null,
          null,
          null,
          null,
          null,
          null
        ],
        "branches": {}
      },
      "/home/yaswanth.rajeev/final-project/olx/app/models/seller.rb": {
        "lines": [
          1,
          1,
          1,
          1,
          1,
          1,
          1,
          null,
          null,
          null,
          null,
          1,
          null,
          1,
          39,
          null,
          null,
          1,
          15,
          null,
          null,
          null
        ],
        "branches": {}
      },
      "/home/yaswanth.rajeev/final-project/olx/app/admin/users.rb": {
        "lines": [
          1,
          null,
          null,
          null,
          null,
          null,
          null,
          1,
          null,
          1,
          0,
          null,
          0,
          0,
          0,
          0,
          null,
          null,
          0,
          0,
          0,
          null,
          null,
          0,
          null,
          null,
          null,
          1,
          1,
          0,
          0,
          0,
          null,
          0,
          null,
          null,
          null,
          null,
          1,
          1,
          null,
          null,
          1,
          0,
          0,
          0,
          0,
          0,
          0,
          null,
          null,
          null,
          null,
          null,
          null,
          null,
          null,
          null,
          null
        ],
        "branches": {
          "[:if, 0, 30, 6, 33, 9]": {
            "[:then, 1, 31, 8, 32, 52]": 0,
            "[:else, 2, 30, 6, 33, 9]": 0
          }
        }
      },
      "/home/yaswanth.rajeev/final-project/olx/app/models/user.rb": {
        "lines": [
          1,
          null,
          1,
          null,
          1,
          1,
          1,
          1,
          1,
          1,
          1,
          1,
          11,
          null,
          null,
          11,
          null,
          null,
          1,
          1,
          1,
          1,
          null,
          1,
          null,
          null,
          null,
          1,
          null,
          1,
          null,
          1,
          534,
          534,
          null,
          null,
          1,
          21,
          null,
          null,
          1,
          1,
          null,
          null,
          null
        ],
        "branches": {}
      },
      "/home/yaswanth.rajeev/final-project/olx/app/controllers/buyers_controller.rb": {
        "lines": [
          1,
          1,
          null,
          1,
          6,
          6,
          6,
          null,
          6,
          3,
          null,
          3,
          3,
          null,
          null,
          null,
          1,
          null,
          1,
          6,
          6,
          null,
          null,
          1,
          3,
          2,
          null,
          1,
          null,
          null,
          3,
          2,
          null,
          1,
          null,
          null,
          null,
          null,
          null
        ],
        "branches": {
          "[:\"&.\", 0, 5, 15, 5, 36]": {
            "[:then, 1, 5, 15, 5, 36]": 5,
            "[:else, 2, 5, 15, 5, 36]": 1
          },
          "[:\"&.\", 3, 5, 15, 5, 57]": {
            "[:then, 4, 5, 15, 5, 57]": 5,
            "[:else, 5, 5, 15, 5, 57]": 1
          },
          "[:if, 6, 6, 22, 6, 83]": {
            "[:then, 7, 6, 38, 6, 77]": 1,
            "[:else, 8, 6, 80, 6, 83]": 5
          },
          "[:\"&.\", 9, 7, 23, 7, 42]": {
            "[:then, 10, 7, 23, 7, 42]": 5,
            "[:else, 11, 7, 23, 7, 42]": 1
          },
          "[:\"&.\", 12, 7, 23, 7, 76]": {
            "[:then, 13, 7, 23, 7, 76]": 5,
            "[:else, 14, 7, 23, 7, 76]": 1
          },
          "[:if, 15, 9, 4, 14, 7]": {
            "[:then, 16, 10, 8, 10, 34]": 3,
            "[:else, 17, 12, 6, 13, 24]": 3
          },
          "[:if, 18, 25, 4, 29, 7]": {
            "[:then, 19, 26, 6, 26, 59]": 2,
            "[:else, 20, 28, 6, 28, 22]": 1
          },
          "[:if, 21, 31, 4, 35, 7]": {
            "[:then, 22, 32, 6, 32, 40]": 2,
            "[:else, 23, 34, 6, 34, 24]": 1
          }
        }
      },
      "/home/yaswanth.rajeev/final-project/olx/app/controllers/conversations_controller.rb": {
        "lines": [
          1,
          null,
          1,
          1,
          1,
          1,
          1,
          1,
          1,
          null,
          null,
          1,
          1,
          null,
          null,
          null,
          1,
          2,
          null,
          null,
          null,
          null,
          2,
          1,
          1,
          1,
          null,
          null,
          1,
          null,
          null,
          null
        ],
        "branches": {
          "[:\"&.\", 0, 13, 72, 13, 94]": {
            "[:then, 1, 13, 72, 13, 94]": 1,
            "[:else, 2, 13, 72, 13, 94]": 0
          },
          "[:\"&.\", 3, 13, 95, 13, 118]": {
            "[:then, 4, 13, 95, 13, 118]": 1,
            "[:else, 5, 13, 95, 13, 118]": 0
          },
          "[:\"&.\", 6, 20, 6, 20, 28]": {
            "[:then, 7, 20, 6, 20, 28]": 2,
            "[:else, 8, 20, 6, 20, 28]": 0
          },
          "[:\"&.\", 9, 21, 6, 21, 29]": {
            "[:then, 10, 21, 6, 21, 29]": 2,
            "[:else, 11, 21, 6, 21, 29]": 0
          }
        }
      },
      "/home/yaswanth.rajeev/final-project/olx/app/controllers/deals_controller.rb": {
        "lines": [
          1,
          1,
          1,
          1,
          null,
          1,
          1,
          1,
          null,
          null,
          1,
          1,
          null,
          null,
          null,
          null,
          1,
          1,
          1,
          null,
          1,
          null,
          null,
          1,
          2,
          2,
          2,
          2,
          2,
          2,
          null,
          2,
          1,
          null,
          1,
          null,
          2,
          null,
          1,
          null,
          1,
          null,
          null,
          null,
          null,
          1,
          3,
          null,
          3,
          3,
          3,
          null,
          3,
          1,
          1,
          2,
          1,
          1,
          null,
          1,
          null,
          null,
          3,
          null,
          1,
          1,
          2,
          null,
          null,
          null
        ],
        "branches": {
          "[:\"&.\", 0, 6, 11, 6, 29]": {
            "[:then, 1, 6, 11, 6, 29]": 1,
            "[:else, 2, 6, 11, 6, 29]": 0
          },
          "[:\"&.\", 3, 7, 11, 7, 30]": {
            "[:then, 4, 7, 11, 7, 30]": 1,
            "[:else, 5, 7, 11, 7, 30]": 0
          },
          "[:if, 6, 32, 8, 36, 11]": {
            "[:then, 7, 33, 12, 33, 42]": 1,
            "[:else, 8, 35, 12, 35, 43]": 1
          },
          "[:if, 9, 37, 8, 42, 11]": {
            "[:then, 10, 39, 12, 39, 72]": 1,
            "[:else, 11, 41, 12, 41, 59]": 1
          },
          "[:\"&.\", 12, 53, 11, 53, 34]": {
            "[:then, 13, 53, 11, 53, 34]": 3,
            "[:else, 14, 53, 11, 53, 34]": 0
          },
          "[:if, 15, 53, 8, 61, 7]": {
            "[:then, 16, 54, 12, 55, 48]": 1,
            "[:else, 17, 56, 8, 60, 74]": 2
          },
          "[:\"&.\", 18, 56, 14, 56, 36]": {
            "[:then, 19, 56, 14, 56, 36]": 2,
            "[:else, 20, 56, 14, 56, 36]": 0
          },
          "[:if, 21, 56, 8, 60, 74]": {
            "[:then, 22, 57, 12, 58, 47]": 1,
            "[:else, 23, 60, 12, 60, 74]": 1
          }
        }
      },
      "/home/yaswanth.rajeev/final-project/olx/app/controllers/items_controller.rb": {
        "lines": [
          1,
          1,
          null,
          1,
          1,
          1,
          null,
          null,
          1,
          1,
          1,
          null,
          null,
          1,
          1,
          null,
          null,
          1,
          2,
          null,
          2,
          1,
          null,
          1,
          1,
          1,
          null,
          null,
          null,
          1,
          2,
          null,
          2,
          1,
          null,
          1,
          null,
          null,
          null,
          1,
          1,
          1,
          1,
          null,
          null,
          1,
          2,
          null,
          2,
          1,
          null,
          1,
          1,
          1,
          null,
          null,
          null,
          1,
          null,
          1,
          4,
          null,
          null,
          1,
          3,
          3,
          1,
          null,
          null,
          null,
          null
        ],
        "branches": {
          "[:if, 0, 21, 8, 27, 11]": {
            "[:then, 1, 22, 12, 22, 74]": 1,
            "[:else, 2, 24, 12, 26, 54]": 1
          },
          "[:if, 3, 33, 12, 37, 15]": {
            "[:then, 4, 34, 16, 34, 80]": 1,
            "[:else, 5, 36, 16, 36, 71]": 1
          },
          "[:if, 6, 49, 8, 55, 11]": {
            "[:then, 7, 50, 12, 50, 48]": 1,
            "[:else, 8, 52, 12, 54, 55]": 1
          },
          "[:unless, 9, 66, 8, 68, 11]": {
            "[:else, 10, 66, 8, 68, 11]": 2,
            "[:then, 11, 67, 13, 67, 89]": 1
          }
        }
      },
      "/home/yaswanth.rajeev/final-project/olx/app/controllers/likes_controller.rb": {
        "lines": [
          1,
          1,
          1,
          null,
          3,
          null,
          3,
          3,
          1,
          2,
          1,
          null,
          null,
          1,
          null,
          null,
          1,
          3,
          3,
          3,
          1,
          2,
          1,
          null,
          1,
          null,
          null,
          1,
          1,
          null,
          1,
          1,
          1,
          null,
          null,
          1,
          1,
          null,
          1,
          null,
          null,
          1,
          1,
          8,
          null,
          null
        ],
        "branches": {
          "[:if, 0, 8, 12, 15, 15]": {
            "[:then, 1, 9, 16, 9, 58]": 1,
            "[:else, 2, 10, 12, 14, 76]": 2
          },
          "[:if, 3, 10, 12, 14, 76]": {
            "[:then, 4, 11, 16, 11, 76]": 1,
            "[:else, 5, 14, 16, 14, 76]": 1
          },
          "[:if, 6, 20, 10, 26, 13]": {
            "[:then, 7, 21, 12, 21, 54]": 1,
            "[:else, 8, 22, 10, 25, 54]": 2
          },
          "[:if, 9, 22, 10, 25, 54]": {
            "[:then, 10, 23, 12, 23, 54]": 1,
            "[:else, 11, 25, 12, 25, 54]": 1
          },
          "[:if, 12, 32, 12, 34, 15]": {
            "[:then, 13, 33, 12, 33, 74]": 1,
            "[:else, 14, 32, 12, 34, 15]": 0
          }
        }
      },
      "/home/yaswanth.rajeev/final-project/olx/app/controllers/messages_controller.rb": {
        "lines": [
          1,
          null,
          1,
          6,
          5,
          null,
          5,
          null,
          5,
          4,
          4,
          8,
          null,
          null,
          null,
          null,
          null,
          1,
          5,
          null,
          null,
          null,
          null,
          null,
          null
        ],
        "branches": {
          "[:if, 0, 9, 8, 14, 11]": {
            "[:then, 1, 10, 12, 13, 15]": 4,
            "[:else, 2, 9, 8, 14, 11]": 1
          }
        }
      },
      "/home/yaswanth.rajeev/final-project/olx/app/controllers/reviews_controller.rb": {
        "lines": [
          1,
          null,
          1,
          2,
          2,
          null,
          2,
          2,
          2,
          null,
          2,
          1,
          null,
          1,
          null,
          null,
          1,
          2,
          null,
          2,
          1,
          1,
          null,
          1,
          null,
          null,
          1,
          null,
          1,
          2,
          null,
          null,
          null
        ],
        "branches": {
          "[:if, 0, 11, 8, 15, 11]": {
            "[:then, 1, 12, 12, 12, 45]": 1,
            "[:else, 2, 14, 12, 14, 70]": 1
          },
          "[:if, 3, 20, 8, 25, 11]": {
            "[:then, 4, 21, 12, 22, 83]": 1,
            "[:else, 5, 24, 12, 24, 80]": 1
          }
        }
      },
      "/home/yaswanth.rajeev/final-project/olx/app/controllers/sellers_controller.rb": {
        "lines": [
          1,
          1,
          1,
          null,
          1,
          5,
          5,
          5,
          null,
          5,
          null,
          5,
          4,
          null,
          1,
          1,
          null,
          null,
          null,
          1,
          null,
          1,
          5,
          5,
          null,
          null,
          1,
          4,
          null,
          null,
          4,
          3,
          null,
          null,
          null,
          1,
          null,
          null,
          null,
          null
        ],
        "branches": {
          "[:if, 0, 12, 4, 17, 7]": {
            "[:then, 1, 13, 6, 13, 32]": 4,
            "[:else, 2, 15, 6, 16, 24]": 1
          },
          "[:if, 3, 31, 2, 37, 5]": {
            "[:then, 4, 32, 4, 34, 68]": 3,
            "[:else, 5, 36, 4, 36, 22]": 1
          }
        }
      },
      "/home/yaswanth.rajeev/final-project/olx/app/mailers/deal_mailer.rb": {
        "lines": [
          1,
          1,
          3,
          3,
          3,
          3,
          3,
          null,
          null,
          null,
          null,
          null,
          null
        ],
        "branches": {}
      },
      "/home/yaswanth.rajeev/final-project/olx/app/mailers/application_mailer.rb": {
        "lines": [
          1,
          1,
          1,
          null
        ],
        "branches": {}
      },
      "/home/yaswanth.rajeev/final-project/olx/app/models/like.rb": {
        "lines": [
          1,
          1,
          1,
          1,
          null,
          null,
          null
        ],
        "branches": {}
      },
      "/home/yaswanth.rajeev/final-project/olx/app/controllers/api/v1/base_controller.rb": {
        "lines": [
          1,
          1,
          1,
          1,
          1,
          1,
          1,
          1,
          null,
          null,
          null,
          1,
          null,
          null,
          1,
          54,
          54,
          null,
          54,
          1,
          null,
          43,
          null,
          null,
          null,
          null,
          1,
          1,
          null,
          null,
          null,
          null,
          1,
          null,
          null,
          1,
          null,
          null,
          null,
          null,
          null,
          null,
          null,
          null
        ],
        "branches": {
          "[:unless, 0, 16, 10, 16, 44]": {
            "[:else, 1, 16, 10, 16, 44]": 54,
            "[:then, 2, 16, 10, 16, 20]": 0
          },
          "[:if, 3, 17, 10, 17, 63]": {
            "[:then, 4, 17, 10, 17, 20]": 0,
            "[:else, 5, 17, 10, 17, 63]": 54
          },
          "[:if, 6, 19, 28, 24, 13]": {
            "[:then, 7, 20, 12, 20, 108]": 1,
            "[:else, 8, 22, 12, 23, 69]": 43
          }
        }
      },
      "/home/yaswanth.rajeev/final-project/olx/app/services/items/create_service.rb": {
        "lines": [
          1,
          1,
          1,
          5,
          5,
          null,
          null,
          1,
          5,
          5,
          null,
          5,
          3,
          null,
          2,
          null,
          null,
          null,
          1,
          null,
          1,
          null,
          null
        ],
        "branches": {
          "[:if, 0, 12, 6, 16, 9]": {
            "[:then, 1, 13, 8, 13, 38]": 3,
            "[:else, 2, 15, 8, 15, 61]": 2
          }
        }
      },
      "/home/yaswanth.rajeev/final-project/olx/app/services/items/destroy_service.rb": {
        "lines": [
          1,
          1,
          1,
          4,
          4,
          null,
          null,
          1,
          4,
          4,
          null,
          3,
          2,
          null,
          1,
          null,
          null,
          null,
          1,
          null,
          1,
          null,
          null
        ],
        "branches": {
          "[:if, 0, 12, 6, 16, 9]": {
            "[:then, 1, 13, 8, 13, 38]": 2,
            "[:else, 2, 15, 8, 15, 61]": 1
          }
        }
      },
      "/home/yaswanth.rajeev/final-project/olx/app/services/items/index_service.rb": {
        "lines": [
          1,
          1,
          1,
          null,
          11,
          null,
          null,
          1,
          11,
          null,
          11,
          6,
          null,
          null,
          11,
          11,
          null,
          null,
          11,
          null,
          null,
          null,
          null,
          1,
          null,
          1,
          null,
          null
        ],
        "branches": {
          "[:if, 0, 11, 6, 13, 9]": {
            "[:then, 1, 12, 8, 12, 54]": 6,
            "[:else, 2, 11, 6, 13, 9]": 5
          },
          "[:if, 3, 16, 17, 16, 49]": {
            "[:then, 4, 16, 44, 16, 45]": 6,
            "[:else, 5, 16, 48, 16, 49]": 5
          }
        }
      },
      "/home/yaswanth.rajeev/final-project/olx/app/services/items/update_service.rb": {
        "lines": [
          1,
          1,
          1,
          4,
          4,
          4,
          null,
          null,
          1,
          4,
          4,
          null,
          3,
          1,
          null,
          2,
          null,
          null,
          null,
          1,
          null,
          1,
          null,
          null
        ],
        "branches": {
          "[:if, 0, 13, 6, 17, 9]": {
            "[:then, 1, 14, 8, 14, 38]": 1,
            "[:else, 2, 16, 8, 16, 61]": 2
          }
        }
      },
      "/home/yaswanth.rajeev/final-project/olx/app/controllers/api/v1/conversations_controller.rb": {
        "lines": [
          1,
          1,
          1,
          1,
          null,
          1,
          2,
          2,
          null,
          null,
          null,
          1,
          1,
          1,
          null,
          null,
          null,
          null
        ],
        "branches": {
          "[:\"&.\", 0, 9, 54, 9, 68]": {
            "[:then, 1, 9, 54, 9, 68]": 1,
            "[:else, 2, 9, 54, 9, 68]": 1
          },
          "[:\"&.\", 3, 10, 71, 10, 86]": {
            "[:then, 4, 10, 71, 10, 86]": 1,
            "[:else, 5, 10, 71, 10, 86]": 1
          }
        }
      },
      "/home/yaswanth.rajeev/final-project/olx/app/controllers/api/v1/deals_controller.rb": {
        "lines": [
          1,
          1,
          1,
          1,
          1,
          null,
          null,
          1,
          1,
          null,
          null,
          1,
          3,
          3,
          1,
          1,
          2,
          1,
          1,
          null,
          1,
          null,
          null,
          null,
          1,
          4,
          4,
          1,
          null,
          3,
          2,
          null,
          1,
          null,
          null,
          null,
          null,
          1,
          3,
          null,
          null,
          null,
          null
        ],
        "branches": {
          "[:\"&.\", 0, 14, 19, 14, 44]": {
            "[:then, 1, 14, 19, 14, 44]": 3,
            "[:else, 2, 14, 19, 14, 44]": 0
          },
          "[:if, 3, 14, 16, 22, 19]": {
            "[:then, 4, 15, 20, 16, 75]": 1,
            "[:else, 5, 17, 16, 21, 86]": 2
          },
          "[:\"&.\", 6, 17, 22, 17, 46]": {
            "[:then, 7, 17, 22, 17, 46]": 2,
            "[:else, 8, 17, 22, 17, 46]": 0
          },
          "[:if, 9, 17, 16, 21, 86]": {
            "[:then, 10, 18, 20, 19, 74]": 1,
            "[:else, 11, 21, 19, 21, 86]": 1
          },
          "[:\"&.\", 12, 27, 23, 27, 48]": {
            "[:then, 13, 27, 23, 27, 48]": 4,
            "[:else, 14, 27, 23, 27, 48]": 0
          },
          "[:\"&.\", 15, 27, 71, 27, 95]": {
            "[:then, 16, 27, 71, 27, 95]": 2,
            "[:else, 17, 27, 71, 27, 95]": 0
          },
          "[:unless, 18, 27, 16, 29, 19]": {
            "[:else, 19, 27, 16, 29, 19]": 3,
            "[:then, 20, 28, 20, 28, 87]": 1
          },
          "[:if, 21, 30, 16, 34, 19]": {
            "[:then, 22, 31, 20, 31, 91]": 2,
            "[:else, 23, 33, 20, 33, 114]": 1
          }
        }
      },
      "/home/yaswanth.rajeev/final-project/olx/app/controllers/api/v1/items_controller.rb": {
        "lines": [
          1,
          1,
          1,
          1,
          2,
          null,
          2,
          null,
          null,
          null,
          null,
          null,
          null,
          null,
          null,
          1,
          1,
          null,
          null,
          1,
          4,
          4,
          2,
          1,
          null,
          1,
          null,
          null,
          2,
          null,
          null,
          1,
          3,
          3,
          3,
          1,
          null,
          2,
          null,
          null,
          1,
          4,
          4,
          1,
          1,
          null,
          3,
          null,
          null,
          null,
          1,
          2,
          null,
          null,
          null,
          2,
          null,
          null,
          null,
          null,
          null,
          null,
          null,
          2,
          null,
          null,
          1,
          2,
          null,
          2,
          null,
          1,
          1,
          5,
          null,
          null,
          null,
          null
        ],
        "branches": {
          "[:if, 0, 22, 10, 30, 13]": {
            "[:then, 1, 23, 14, 27, 17]": 2,
            "[:else, 2, 29, 14, 29, 72]": 2
          },
          "[:if, 3, 23, 14, 27, 17]": {
            "[:then, 4, 24, 16, 24, 41]": 1,
            "[:else, 5, 26, 15, 26, 97]": 1
          },
          "[:\"&.\", 6, 34, 26, 34, 49]": {
            "[:then, 7, 34, 26, 34, 49]": 2,
            "[:else, 8, 34, 26, 34, 49]": 1
          },
          "[:if, 9, 35, 10, 39, 13]": {
            "[:then, 10, 36, 12, 36, 42]": 1,
            "[:else, 11, 38, 12, 38, 92]": 2
          },
          "[:\"&.\", 12, 43, 40, 43, 56]": {
            "[:then, 13, 43, 40, 43, 56]": 3,
            "[:else, 14, 43, 40, 43, 56]": 1
          },
          "[:if, 15, 43, 8, 48, 11]": {
            "[:then, 16, 44, 10, 45, 74]": 1,
            "[:else, 17, 47, 10, 47, 88]": 3
          }
        }
      },
      "/home/yaswanth.rajeev/final-project/olx/app/controllers/api/v1/likes_controller.rb": {
        "lines": [
          1,
          1,
          1,
          1,
          1,
          1,
          null,
          null,
          1,
          3,
          2,
          2,
          1,
          null,
          1,
          null,
          null,
          null,
          1,
          3,
          null,
          null,
          null,
          null,
          null
        ],
        "branches": {
          "[:if, 0, 12, 16, 16, 19]": {
            "[:then, 1, 13, 20, 13, 96]": 1,
            "[:else, 2, 15, 20, 15, 100]": 1
          }
        }
      },
      "/home/yaswanth.rajeev/final-project/olx/app/controllers/api/v1/messages_controller.rb": {
        "lines": [
          1,
          1,
          1,
          1,
          1,
          null,
          1,
          1,
          null,
          1,
          1,
          null,
          1,
          2,
          2,
          null,
          2,
          1,
          null,
          1,
          null,
          null,
          null,
          1,
          null,
          1,
          4,
          null,
          null,
          null,
          null,
          null,
          null,
          null,
          1,
          2,
          null,
          null,
          null,
          null
        ],
        "branches": {
          "[:if, 0, 17, 8, 21, 11]": {
            "[:then, 1, 18, 10, 18, 40]": 1,
            "[:else, 2, 20, 10, 20, 108]": 1
          },
          "[:\"&.\", 3, 28, 33, 28, 55]": {
            "[:then, 4, 28, 33, 28, 55]": 4,
            "[:else, 5, 28, 33, 28, 55]": 0
          },
          "[:\"&.\", 6, 29, 50, 29, 73]": {
            "[:then, 7, 29, 50, 29, 73]": 4,
            "[:else, 8, 29, 50, 29, 73]": 0
          }
        }
      },
      "/home/yaswanth.rajeev/final-project/olx/app/controllers/api/v1/reviews_controller.rb": {
        "lines": [
          1,
          1,
          1,
          null,
          1,
          1,
          null,
          1,
          1,
          null,
          null,
          null,
          1,
          1,
          null,
          null,
          1,
          2,
          2,
          1,
          1,
          null,
          1,
          null,
          null,
          null,
          1,
          2,
          2,
          null,
          2,
          1,
          null,
          1,
          null,
          null,
          null,
          1,
          1,
          1,
          null,
          null,
          1,
          2,
          2,
          1,
          null,
          1,
          null,
          null,
          1,
          1,
          2,
          null,
          null,
          1,
          2,
          null,
          null,
          null,
          null,
          null,
          null,
          null
        ],
        "branches": {
          "[:if, 0, 19, 16, 24, 19]": {
            "[:then, 1, 20, 20, 21, 72]": 1,
            "[:else, 2, 23, 20, 23, 81]": 1
          },
          "[:if, 3, 31, 12, 35, 11]": {
            "[:then, 4, 32, 12, 32, 85]": 1,
            "[:else, 5, 34, 12, 34, 96]": 1
          },
          "[:if, 6, 45, 12, 49, 15]": {
            "[:then, 7, 46, 12, 46, 68]": 1,
            "[:else, 8, 48, 12, 48, 86]": 1
          }
        }
      },
      "/home/yaswanth.rajeev/final-project/olx/app/controllers/api/v1/sellers_controller.rb": {
        "lines": [
          1,
          1,
          1,
          1,
          1,
          null,
          1,
          1,
          null,
          1,
          3,
          3,
          2,
          1,
          null,
          1,
          null,
          null,
          1,
          null,
          null,
          null,
          1,
          null,
          1,
          2,
          null,
          null,
          null,
          null
        ],
        "branches": {
          "[:if, 0, 12, 20, 20, 23]": {
            "[:then, 1, 13, 24, 17, 27]": 2,
            "[:else, 2, 19, 24, 19, 104]": 1
          },
          "[:if, 3, 13, 24, 17, 27]": {
            "[:then, 4, 14, 24, 14, 99]": 1,
            "[:else, 5, 16, 24, 16, 108]": 1
          }
        }
      },
      "/home/yaswanth.rajeev/final-project/olx/app/controllers/api/v1/users_controller.rb": {
        "lines": [
          1,
          1,
          1,
          1,
          1,
          1,
          null,
          null,
          1,
          1,
          null,
          null,
          1,
          2,
          2,
          1,
          null,
          1,
          null,
          null,
          1,
          3,
          3,
          2,
          1,
          null,
          1,
          null,
          null,
          1,
          null,
          null,
          null,
          1,
          3,
          null,
          3,
          2,
          1,
          null,
          1,
          null,
          null,
          1,
          null,
          null,
          null,
          1,
          null,
          1,
          2,
          null,
          1,
          2,
          null,
          null,
          null,
          null,
          null,
          null,
          null,
          null,
          null,
          null,
          null,
          null,
          null,
          null
        ],
        "branches": {
          "[:if, 0, 15, 8, 19, 11]": {
            "[:then, 1, 16, 10, 16, 93]": 1,
            "[:else, 2, 18, 10, 18, 92]": 1
          },
          "[:if, 3, 23, 8, 31, 11]": {
            "[:then, 4, 24, 10, 28, 13]": 2,
            "[:else, 5, 30, 10, 30, 66]": 1
          },
          "[:if, 6, 24, 10, 28, 13]": {
            "[:then, 7, 25, 12, 25, 37]": 1,
            "[:else, 8, 27, 12, 27, 93]": 1
          },
          "[:if, 9, 37, 6, 45, 9]": {
            "[:then, 10, 38, 8, 42, 11]": 2,
            "[:else, 11, 44, 8, 44, 114]": 1
          },
          "[:if, 12, 38, 8, 42, 11]": {
            "[:then, 13, 39, 10, 39, 76]": 1,
            "[:else, 14, 41, 10, 41, 102]": 1
          }
        }
      },
      "/home/yaswanth.rajeev/final-project/olx/app/channels/application_cable/channel.rb": {
        "lines": [
          0,
          0,
          0,
          0
        ],
        "branches": {}
      },
      "/home/yaswanth.rajeev/final-project/olx/app/channels/application_cable/connection.rb": {
        "lines": [
          0,
          0,
          0,
          0
        ],
        "branches": {}
      },
      "/home/yaswanth.rajeev/final-project/olx/app/jobs/application_job.rb": {
        "lines": [
          0,
          null,
          null,
          null,
          null,
          null,
          0
        ],
        "branches": {}
      }
    },
    "timestamp": 1769160654
  }
}
